<?xml version="1.0" encoding="utf-8"?><testsuites name="pytest tests"><testsuite name="pytest" errors="0" failures="0" skipped="0" tests="16" time="10.021" timestamp="2026-05-09T01:11:11.186067+00:00" hostname="agent-env-fa7eb5ea-571d-42d6-a41f-1a6e72084610"><testcase classname="backend.tests.test_ecoup_api.TestHealthCheck" name="test_api_root_returns_200" time="0.250" /><testcase classname="backend.tests.test_ecoup_api.TestAuthentication" name="test_login_user_success" time="0.990" /><testcase classname="backend.tests.test_ecoup_api.TestAuthentication" name="test_login_recycler_success" time="1.518" /><testcase classname="backend.tests.test_ecoup_api.TestAuthentication" name="test_login_invalid_credentials" time="0.332" /><testcase classname="backend.tests.test_ecoup_api.TestAuthentication" name="test_login_missing_fields" time="0.160" /><testcase classname="backend.tests.test_ecoup_api.TestAuthMe" name="test_get_me_with_valid_token" time="0.836" /><testcase classname="backend.tests.test_ecoup_api.TestAuthMe" name="test_get_me_without_token" time="0.187" /><testcase classname="backend.tests.test_ecoup_api.TestAuthMe" name="test_get_me_with_invalid_token" time="0.227" /><testcase classname="backend.tests.test_ecoup_api.TestUserRequests" name="test_get_user_requests" time="0.738" /><testcase classname="backend.tests.test_ecoup_api.TestUserRequests" name="test_create_request" time="1.239" /><testcase classname="backend.tests.test_ecoup_api.TestUserRequests" name="test_get_request_by_id" time="1.048" /><testcase classname="backend.tests.test_ecoup_api.TestRecyclerRequests" name="test_get_available_requests" time="0.778" /><testcase classname="backend.tests.test_ecoup_api.TestRecyclerRequests" name="test_accept_request" time="0.993" /><testcase classname="backend.tests.test_ecoup_api.TestRequestsWithoutAuth" name="test_get_requests_without_auth" time="0.143" /><testcase classname="backend.tests.test_ecoup_api.TestRequestsWithoutAuth" name="test_create_request_without_auth" time="0.187" /><testcase classname="backend.tests.test_ecoup_api.TestRequestsWithoutAuth" name="test_get_available_without_auth" time="0.162" /></testsuite></testsuites>